\BOOKMARK [0][-]{chapter*.2}{\376\377\000\332\000v\000o\000d}{}% 1
\BOOKMARK [0][-]{chapter.1}{\376\377\000C\000e\000l\000u\000l\000\341\000r\000n\000\355\000\040\000a\000u\000t\000o\000m\000a\000t\000y}{}% 2
\BOOKMARK [1][-]{section.1.1}{\376\377\000C\000o\000\040\000j\000s\000o\000u\000\040\000t\000o\000\040\000c\000e\000l\000u\000l\000\341\000r\000n\000\355\000\040\000a\000u\000t\000o\000m\000a\000t\000y}{chapter.1}% 3
\BOOKMARK [1][-]{section.1.2}{\376\377\000E\000l\000e\000m\000e\000n\000t\000\341\000r\000n\000\355\000\040\000c\000e\000l\000u\000l\000\341\000r\000n\000\355\000\040\000a\000u\000t\000o\000m\000a\000t\000y}{chapter.1}% 4
\BOOKMARK [1][-]{section.1.3}{\376\377\000J\000i\000n\000\351\000\040\0001\000D\000\040\000c\000e\000l\000u\000l\000\341\000r\000n\000\355\000\040\000a\000u\000t\000o\000m\000a\000t\000y}{chapter.1}% 5
\BOOKMARK [1][-]{section.1.4}{\376\377\000D\000v\000o\000u\000r\000o\000z\000m\001\033\000r\000n\000\351\000\040\000c\000e\000l\000u\000l\000\341\000r\000n\000\355\000\040\000a\000u\000t\000o\000m\000a\000t\000y}{chapter.1}% 6
\BOOKMARK [1][-]{section.1.5}{\376\377\000I\000m\000p\000l\000e\000m\000e\000n\000t\000a\000c\000e\000\040\000c\000e\000l\000u\000l\000\341\000r\000n\000\355\000c\000h\000\040\000a\000u\000t\000o\000m\000a\000t\001\157}{chapter.1}% 7
\BOOKMARK [0][-]{chapter.2}{\376\377\001\140\000i\000f\000r\000o\000v\000\341\000n\000\355}{}% 8
\BOOKMARK [1][-]{section.2.1}{\376\377\000Z\000\341\000k\000l\000a\000d\000n\000\355\000\040\000p\000o\000j\000m\000y}{chapter.2}% 9
\BOOKMARK [1][-]{section.2.2}{\376\377\000Z\000\341\000k\000l\000a\000d\000n\000\355\000\040\000v\000\375\000c\000h\000o\000d\000i\000s\000k\000a}{chapter.2}% 10
\BOOKMARK [1][-]{section.2.3}{\376\377\000O\000\040\000c\000o\000\040\000n\000\341\000m\000\040\000j\000d\000e}{chapter.2}% 11
\BOOKMARK [1][-]{section.2.4}{\376\377\000P\000s\000e\000u\000d\000o\000n\000\341\000h\000o\000d\000n\000\351\000\040\000g\000e\000n\000e\000r\000\341\000t\000o\000r\000y}{chapter.2}% 12
\BOOKMARK [1][-]{section.2.5}{\376\377\000B\000l\000o\000k\000o\000v\000\351\000\040\001\141\000i\000f\000r\000y}{chapter.2}% 13
\BOOKMARK [2][-]{subsection.2.5.1}{\376\377\000O\000p\000e\000r\000a\001\015\000n\000\355\000\040\000m\000o\000d\000y}{section.2.5}% 14
\BOOKMARK [1][-]{section.2.6}{\376\377\000\332\000t\000o\000k\000y\000\040\000n\000a\000\040\001\141\000i\000f\000r\000y}{chapter.2}% 15
\BOOKMARK [2][-]{subsection.2.6.1}{\376\377\000R\000o\000z\000d\001\033\000l\000e\000n\000\355\000\040\000p\000o\000d\000l\000e\000\040\000p\000o\000v\000o\000l\000e\000n\000\375\000c\000h\000\040\000p\000r\000o\000s\000t\001\131\000e\000d\000k\001\157}{section.2.6}% 16
\BOOKMARK [2][-]{subsection.2.6.2}{\376\377\000P\001\131\000\355\000k\000l\000a\000d\000y\000\040\000\372\000t\000o\000k\001\157}{section.2.6}% 17
\BOOKMARK [1][-]{section.2.7}{\376\377\000T\000e\000s\000t\000y}{chapter.2}% 18
\BOOKMARK [2][-]{subsection.2.7.1}{\376\377\000T\000e\000s\000t\000y\000\040\000n\000a\000\040\000\372\000r\000o\000v\000n\000i\000\040\000j\000e\000d\000n\000o\000t\000l\000i\000v\000\375\000c\000h\000\040\000v\000\375\000s\000t\000u\000p\001\157}{section.2.7}% 19
\BOOKMARK [2][-]{subsection.2.7.2}{\376\377\000T\000e\000s\000t\000y\000\040\000n\000a\000\040\000\372\000r\000o\000v\000n\000i\000\040\000c\000e\000l\000\351\000h\000o\000\040\000z\000o\000b\000r\000a\000z\000e\000n\000\355}{section.2.7}% 20
\BOOKMARK [2][-]{subsection.2.7.3}{\376\377\000P\000o\000u\001\176\000i\000t\000\355\000\040\000t\000e\000s\000t\001\157}{section.2.7}% 21
\BOOKMARK [2][-]{subsection.2.7.4}{\376\377\000G\000r\000a\000f\000i\000c\000k\000\351\000\040\000z\000n\000\341\000z\000o\000r\000n\001\033\000n\000\355}{section.2.7}% 22
\BOOKMARK [0][-]{chapter.3}{\376\377\000N\000\341\000s\000t\000i\000n\000\040\000a\000r\000c\000h\000i\000t\000e\000k\000t\000u\000r\000y}{}% 23
\BOOKMARK [1][-]{section.3.1}{\376\377\000M\000a\000r\000t\000i\000n\000D\000v\000o\000r\000a\000k}{chapter.3}% 24
\BOOKMARK [2][-]{subsection.3.1.1}{\376\377\000C\000e\000l\000l\000u\000l\000a\000r}{section.3.1}% 25
\BOOKMARK [2][-]{subsection.3.1.2}{\376\377\000C\000r\000y\000p\000t\000o}{section.3.1}% 26
\BOOKMARK [2][-]{subsection.3.1.3}{\376\377\000T\000e\000s\000t\000i\000n\000g}{section.3.1}% 27
\BOOKMARK [1][-]{section.3.2}{\376\377\000P\000r\000o\000g\000r\000a\000m}{chapter.3}% 28
\BOOKMARK [0][-]{chapter.4}{\376\377\000Z\000p\001\157\000s\000o\000b\000y\000\040\000p\000r\000o\000t\000a\000h\000o\000v\000\341\000n\000\355\000\040\000k\000l\000\355\001\015\001\157}{}% 29
\BOOKMARK [1][-]{section.4.1}{\376\377\000K\000e\000y\000E\000x\000t\000e\000n\000d\000e\000r\000Q\000u\000a\000d\000r\000a\000t\000i\000c}{chapter.4}% 30
\BOOKMARK [1][-]{section.4.2}{\376\377\000K\000e\000y\000E\000x\000t\000e\000n\000d\000e\000r\000S\000i\000m\000p\000l\000e\000L\000i\000n\000e\000a\000r}{chapter.4}% 31
\BOOKMARK [1][-]{section.4.3}{\376\377\000K\000e\000y\000E\000x\000t\000e\000n\000d\000e\000r\000I\000n\000t\000e\000r\000l\000a\000c\000e\000d}{chapter.4}% 32
\BOOKMARK [1][-]{section.4.4}{\376\377\000K\000e\000y\000E\000x\000t\000e\000n\000d\000e\000r\000U\000n\000c\000e\000r\000t\000a\000i\000n}{chapter.4}% 33
\BOOKMARK [1][-]{section.4.5}{\376\377\000K\000e\000y\000E\000x\000t\000e\000n\000d\000e\000r\000G\000e\000n\000e\000t\000i\000c}{chapter.4}% 34
\BOOKMARK [0][-]{chapter.5}{\376\377\000D\000a\000l\001\141\000\355\000\040\000m\000o\001\176\000n\000o\000s\000t\000i\000\040\001\141\000i\000f\000r\000o\000v\000\341\000n\000\355}{}% 35
\BOOKMARK [0][-]{chapter*.3}{\376\377\000Z\000\341\000v\001\033\000r}{}% 36
\BOOKMARK [0][-]{chapter*.4}{\376\377\000S\000e\000z\000n\000a\000m\000\040\000o\000b\000r\000\341\000z\000k\001\157}{}% 37
\BOOKMARK [0][-]{chapter*.5}{\376\377\000S\000e\000z\000n\000a\000m\000\040\000t\000a\000b\000u\000l\000e\000k}{}% 38
\BOOKMARK [0][-]{chapter*.6}{\376\377\000S\000e\000z\000n\000a\000m\000\040\000p\000o\000u\001\176\000i\000t\000\375\000c\000h\000\040\000z\000k\000r\000a\000t\000e\000k}{}% 39
\BOOKMARK [0][-]{chapter*.7}{\376\377\000P\001\131\000\355\000l\000o\000h\000y}{}% 40
